<?xml version="1.0" encoding="UTF-8"?>
<!-- Generated by org.testng.reporters.JUnitXMLReporter -->
<testsuite ignored="2" hostname="TD247E-L053" failures="0" tests="1" name="Default test" time="2.083" errors="0" timestamp="27 Feb 2021 14:58:49 GMT">
  <testcase classname="CreateUser" name="GetAllPosts" time="1.618"/>
  <testcase classname="CreateUser" name="getPostsOfUser" time="0.0">
    <ignored/>
  </testcase> <!-- getPostsOfUser -->
  <testcase classname="CreateUser" name="CreatePost" time="0.0">
    <ignored/>
  </testcase> <!-- CreatePost -->
</testsuite> <!-- Default test -->
